[0.000000] (-) TimerEvent: {}
[0.001683] (my_boat_bringup) JobQueued: {'identifier': 'my_boat_bringup', 'dependencies': OrderedDict()}
[0.002259] (my_boat_driver) JobQueued: {'identifier': 'my_boat_driver', 'dependencies': OrderedDict()}
[0.002744] (my_boat_teleop) JobQueued: {'identifier': 'my_boat_teleop', 'dependencies': OrderedDict()}
[0.002932] (my_boat_bringup) JobStarted: {'identifier': 'my_boat_bringup'}
[0.019159] (my_boat_driver) JobStarted: {'identifier': 'my_boat_driver'}
[0.037409] (my_boat_teleop) JobStarted: {'identifier': 'my_boat_teleop'}
[0.057398] (my_boat_bringup) JobProgress: {'identifier': 'my_boat_bringup', 'progress': 'cmake'}
[0.059968] (my_boat_bringup) JobProgress: {'identifier': 'my_boat_bringup', 'progress': 'build'}
[0.062498] (my_boat_bringup) Command: {'cmd': ['/usr/bin/cmake', '--build', '/home/raspberry/boat_ws/build/my_boat_bringup', '--', '-j4', '-l4'], 'cwd': '/home/raspberry/boat_ws/build/my_boat_bringup', 'env': OrderedDict([('LESSOPEN', '| /usr/bin/lesspipe %s'), ('USER', 'raspberry'), ('SSH_CLIENT', '192.168.3.66 63527 22'), ('XDG_SESSION_TYPE', 'tty'), ('SHLVL', '1'), ('MOTD_SHOWN', 'pam'), ('HOME', '/home/raspberry'), ('OLDPWD', '/home/raspberry'), ('SSH_TTY', '/dev/pts/1'), ('LC_CTYPE', 'UTF-8'), ('DBUS_SESSION_BUS_ADDRESS', 'unix:path=/run/user/1000/bus'), ('LOGNAME', 'raspberry'), ('_', '/usr/bin/colcon'), ('XDG_SESSION_CLASS', 'user'), ('TERM', 'xterm-256color'), ('XDG_SESSION_ID', '28'), ('PATH', '/usr/local/sbin:/usr/local/bin:/usr/sbin:/usr/bin:/sbin:/bin:/usr/games:/usr/local/games:/snap/bin'), ('XDG_RUNTIME_DIR', '/run/user/1000'), ('LANG', 'en_US.UTF-8'), ('LS_COLORS', 'rs=0:di=01;34:ln=01;36:mh=00:pi=40;33:so=01;35:do=01;35:bd=40;33;01:cd=40;33;01:or=40;31;01:mi=00:su=37;41:sg=30;43:ca=30;41:tw=30;42:ow=34;42:st=37;44:ex=01;32:*.tar=01;31:*.tgz=01;31:*.arc=01;31:*.arj=01;31:*.taz=01;31:*.lha=01;31:*.lz4=01;31:*.lzh=01;31:*.lzma=01;31:*.tlz=01;31:*.txz=01;31:*.tzo=01;31:*.t7z=01;31:*.zip=01;31:*.z=01;31:*.dz=01;31:*.gz=01;31:*.lrz=01;31:*.lz=01;31:*.lzo=01;31:*.xz=01;31:*.zst=01;31:*.tzst=01;31:*.bz2=01;31:*.bz=01;31:*.tbz=01;31:*.tbz2=01;31:*.tz=01;31:*.deb=01;31:*.rpm=01;31:*.jar=01;31:*.war=01;31:*.ear=01;31:*.sar=01;31:*.rar=01;31:*.alz=01;31:*.ace=01;31:*.zoo=01;31:*.cpio=01;31:*.7z=01;31:*.rz=01;31:*.cab=01;31:*.wim=01;31:*.swm=01;31:*.dwm=01;31:*.esd=01;31:*.jpg=01;35:*.jpeg=01;35:*.mjpg=01;35:*.mjpeg=01;35:*.gif=01;35:*.bmp=01;35:*.pbm=01;35:*.pgm=01;35:*.ppm=01;35:*.tga=01;35:*.xbm=01;35:*.xpm=01;35:*.tif=01;35:*.tiff=01;35:*.png=01;35:*.svg=01;35:*.svgz=01;35:*.mng=01;35:*.pcx=01;35:*.mov=01;35:*.mpg=01;35:*.mpeg=01;35:*.m2v=01;35:*.mkv=01;35:*.webm=01;35:*.webp=01;35:*.ogm=01;35:*.mp4=01;35:*.m4v=01;35:*.mp4v=01;35:*.vob=01;35:*.qt=01;35:*.nuv=01;35:*.wmv=01;35:*.asf=01;35:*.rm=01;35:*.rmvb=01;35:*.flc=01;35:*.avi=01;35:*.fli=01;35:*.flv=01;35:*.gl=01;35:*.dl=01;35:*.xcf=01;35:*.xwd=01;35:*.yuv=01;35:*.cgm=01;35:*.emf=01;35:*.ogv=01;35:*.ogx=01;35:*.aac=00;36:*.au=00;36:*.flac=00;36:*.m4a=00;36:*.mid=00;36:*.midi=00;36:*.mka=00;36:*.mp3=00;36:*.mpc=00;36:*.ogg=00;36:*.ra=00;36:*.wav=00;36:*.oga=00;36:*.opus=00;36:*.spx=00;36:*.xspf=00;36:'), ('SHELL', '/bin/bash'), ('LESSCLOSE', '/usr/bin/lesspipe %s %s'), ('PWD', '/home/raspberry/boat_ws/build/my_boat_bringup'), ('LC_ALL', 'en_US.UTF-8'), ('SSH_CONNECTION', '192.168.3.66 63527 192.168.3.99 22'), ('XDG_DATA_DIRS', '/usr/local/share:/usr/share:/var/lib/snapd/desktop'), ('COLCON', '1')]), 'shell': False}
[0.099018] (-) TimerEvent: {}
[0.199921] (-) TimerEvent: {}
[0.300956] (-) TimerEvent: {}
[0.402344] (-) TimerEvent: {}
[0.503504] (-) TimerEvent: {}
[0.604503] (-) TimerEvent: {}
[0.706480] (-) TimerEvent: {}
[0.808118] (-) TimerEvent: {}
[0.909588] (-) TimerEvent: {}
[1.010371] (-) TimerEvent: {}
[1.111314] (-) TimerEvent: {}
[1.197397] (my_boat_bringup) StdoutLine: {'line': b'-- Found ament_cmake: 1.3.12 (/opt/ros/humble/share/ament_cmake/cmake)\n'}
[1.200870] (my_boat_bringup) StdoutLine: {'line': b'-- Configuring incomplete, errors occurred!\n'}
[1.202732] (my_boat_bringup) StdoutLine: {'line': b'See also "/home/raspberry/boat_ws/build/my_boat_bringup/CMakeFiles/CMakeOutput.log".\n'}
[1.203535] (my_boat_bringup) StderrLine: {'line': b'Traceback (most recent call last):\n'}
[1.207052] (my_boat_bringup) StderrLine: {'line': b'  File "/opt/ros/humble/share/ament_cmake_core/cmake/package_templates/templates_2_cmake.py", line 21, in <module>\n'}
[1.207507] (my_boat_bringup) StderrLine: {'line': b'    from ament_package.templates import get_environment_hook_template_path\n'}
[1.207924] (my_boat_bringup) StderrLine: {'line': b"ModuleNotFoundError: No module named 'ament_package'\n"}
[1.208336] (my_boat_bringup) StderrLine: {'line': b'\x1b[31mCMake Error at /opt/ros/humble/share/ament_cmake_core/cmake/ament_cmake_package_templates-extras.cmake:41 (message):\n'}
[1.208784] (my_boat_bringup) StderrLine: {'line': b'  execute_process(/usr/bin/python3\n'}
[1.209372] (my_boat_bringup) StderrLine: {'line': b'  /opt/ros/humble/share/ament_cmake_core/cmake/package_templates/templates_2_cmake.py\n'}
[1.209926] (my_boat_bringup) StderrLine: {'line': b'  /home/raspberry/boat_ws/build/my_boat_bringup/ament_cmake_package_templates/templates.cmake)\n'}
[1.210362] (my_boat_bringup) StderrLine: {'line': b'  returned error code 1\n'}
[1.210873] (my_boat_bringup) StderrLine: {'line': b'Call Stack (most recent call first):\n'}
[1.211314] (-) TimerEvent: {}
[1.211852] (my_boat_bringup) StderrLine: {'line': b'  /opt/ros/humble/share/ament_cmake_core/cmake/ament_cmake_coreConfig.cmake:41 (include)\n'}
[1.212477] (my_boat_bringup) StderrLine: {'line': b'  /opt/ros/humble/share/ament_cmake/cmake/ament_cmake_export_dependencies-extras.cmake:15 (find_package)\n'}
[1.212915] (my_boat_bringup) StderrLine: {'line': b'  /opt/ros/humble/share/ament_cmake/cmake/ament_cmakeConfig.cmake:41 (include)\n'}
[1.213324] (my_boat_bringup) StderrLine: {'line': b'  CMakeLists.txt:9 (find_package)\n'}
[1.213728] (my_boat_bringup) StderrLine: {'line': b'\n'}
[1.214132] (my_boat_bringup) StderrLine: {'line': b'\x1b[0m\n'}
[1.214538] (my_boat_bringup) StderrLine: {'line': b'gmake: *** [Makefile:226: cmake_check_build_system] Error 1\n'}
[1.311527] (-) TimerEvent: {}
[1.412398] (-) TimerEvent: {}
[1.513131] (-) TimerEvent: {}
[1.613989] (-) TimerEvent: {}
[1.714713] (-) TimerEvent: {}
[1.816298] (-) TimerEvent: {}
[1.917065] (-) TimerEvent: {}
[2.017905] (-) TimerEvent: {}
[2.120443] (-) TimerEvent: {}
[2.222137] (-) TimerEvent: {}
[2.273882] (my_boat_bringup) CommandEnded: {'returncode': 2}
[2.322880] (-) TimerEvent: {}
[2.329611] (my_boat_bringup) JobEnded: {'identifier': 'my_boat_bringup', 'rc': 2}
[2.333386] (my_boat_teleop) JobEnded: {'identifier': 'my_boat_teleop', 'rc': 'SIGINT'}
[2.334701] (my_boat_driver) JobEnded: {'identifier': 'my_boat_driver', 'rc': 'SIGINT'}
[2.344747] (-) EventReactorShutdown: {}
