[0.069s] Invoking command in '/home/raspberry/boat_ws/build/my_boat_bringup': /usr/bin/cmake --build /home/raspberry/boat_ws/build/my_boat_bringup -- -j4 -l4
[1.197s] -- Found ament_cmake: 1.3.12 (/opt/ros/humble/share/ament_cmake/cmake)
[1.199s] -- Configuring incomplete, errors occurred!
[1.200s] See also "/home/raspberry/boat_ws/build/my_boat_bringup/CMakeFiles/CMakeOutput.log".
[1.204s] Traceback (most recent call last):
[1.204s]   File "/opt/ros/humble/share/ament_cmake_core/cmake/package_templates/templates_2_cmake.py", line 21, in <module>
[1.205s]     from ament_package.templates import get_environment_hook_template_path
[1.205s] ModuleNotFoundError: No module named 'ament_package'
[1.205s] [31mCMake Error at /opt/ros/humble/share/ament_cmake_core/cmake/ament_cmake_package_templates-extras.cmake:41 (message):
[1.206s]   execute_process(/usr/bin/python3
[1.207s]   /opt/ros/humble/share/ament_cmake_core/cmake/package_templates/templates_2_cmake.py
[1.207s]   /home/raspberry/boat_ws/build/my_boat_bringup/ament_cmake_package_templates/templates.cmake)
[1.208s]   returned error code 1
[1.208s] Call Stack (most recent call first):
[1.209s]   /opt/ros/humble/share/ament_cmake_core/cmake/ament_cmake_coreConfig.cmake:41 (include)
[1.210s]   /opt/ros/humble/share/ament_cmake/cmake/ament_cmake_export_dependencies-extras.cmake:15 (find_package)
[1.210s]   /opt/ros/humble/share/ament_cmake/cmake/ament_cmakeConfig.cmake:41 (include)
[1.210s]   CMakeLists.txt:9 (find_package)
[1.211s] 
[1.211s] [0m
[1.212s] gmake: *** [Makefile:226: cmake_check_build_system] Error 1
[2.271s] Invoked command in '/home/raspberry/boat_ws/build/my_boat_bringup' returned '2': /usr/bin/cmake --build /home/raspberry/boat_ws/build/my_boat_bringup -- -j4 -l4
