[0.070s] Invoking command in '/home/raspberry/boat_ws/build/my_boat_bringup': /usr/bin/cmake --build /home/raspberry/boat_ws/build/my_boat_bringup -- -j4 -l4
[1.209s] -- Found ament_cmake: 1.3.12 (/opt/ros/humble/share/ament_cmake/cmake)
[1.212s] -- Configuring incomplete, errors occurred!
[1.214s] See also "/home/raspberry/boat_ws/build/my_boat_bringup/CMakeFiles/CMakeOutput.log".
[1.215s] Traceback (most recent call last):
[1.216s]   File "/opt/ros/humble/share/ament_cmake_core/cmake/package_templates/templates_2_cmake.py", line 21, in <module>
[1.218s]     from ament_package.templates import get_environment_hook_template_path
[1.219s] ModuleNotFoundError: No module named 'ament_package'
[1.219s] [31mCMake Error at /opt/ros/humble/share/ament_cmake_core/cmake/ament_cmake_package_templates-extras.cmake:41 (message):
[1.220s]   execute_process(/usr/bin/python3
[1.221s]   /opt/ros/humble/share/ament_cmake_core/cmake/package_templates/templates_2_cmake.py
[1.222s]   /home/raspberry/boat_ws/build/my_boat_bringup/ament_cmake_package_templates/templates.cmake)
[1.223s]   returned error code 1
[1.224s] Call Stack (most recent call first):
[1.225s]   /opt/ros/humble/share/ament_cmake_core/cmake/ament_cmake_coreConfig.cmake:41 (include)
[1.226s]   /opt/ros/humble/share/ament_cmake/cmake/ament_cmake_export_dependencies-extras.cmake:15 (find_package)
[1.226s]   /opt/ros/humble/share/ament_cmake/cmake/ament_cmakeConfig.cmake:41 (include)
[1.227s]   CMakeLists.txt:9 (find_package)
[1.228s] 
[1.228s] [0m
[1.229s] gmake: *** [Makefile:226: cmake_check_build_system] Error 1
[1.230s] Invoked command in '/home/raspberry/boat_ws/build/my_boat_bringup' returned '2': /usr/bin/cmake --build /home/raspberry/boat_ws/build/my_boat_bringup -- -j4 -l4
